mode: atomic
github.com/zhulik/pal/inspect/inspect.go:27.49,48.2 8 0
github.com/zhulik/pal/inspect/inspect.go:50.46,54.2 1 0
github.com/zhulik/pal/inspect/inspect.go:56.50,58.16 2 0
github.com/zhulik/pal/inspect/inspect.go:58.16,60.3 1 0
github.com/zhulik/pal/inspect/inspect.go:61.2,63.12 2 0
github.com/zhulik/pal/inspect/inspect.go:63.12,71.3 4 0
github.com/zhulik/pal/inspect/inspect.go:73.2,74.43 2 0
github.com/zhulik/pal/inspect/inspect.go:74.43,76.3 1 0
github.com/zhulik/pal/inspect/inspect.go:77.2,77.12 1 0
github.com/zhulik/pal/inspect/inspect.go:80.72,83.16 3 0
github.com/zhulik/pal/inspect/inspect.go:83.16,86.3 2 0
github.com/zhulik/pal/inspect/inspect.go:88.2,89.16 2 0
github.com/zhulik/pal/inspect/inspect.go:89.16,90.13 1 0
github.com/zhulik/pal/inspect/inspect.go:94.68,98.16 3 0
github.com/zhulik/pal/inspect/inspect.go:98.16,101.3 2 0
github.com/zhulik/pal/inspect/inspect.go:103.2,104.16 2 0
github.com/zhulik/pal/inspect/inspect.go:104.16,105.13 1 0
github.com/zhulik/pal/inspect/services.go:11.42,13.19 2 0
github.com/zhulik/pal/inspect/services.go:13.19,15.3 1 0
github.com/zhulik/pal/inspect/services.go:17.2,19.3 1 0
github.com/zhulik/pal/inspect/tree_json.go:33.93,36.46 2 0
github.com/zhulik/pal/inspect/tree_json.go:36.46,38.3 1 0
github.com/zhulik/pal/inspect/tree_json.go:40.2,40.46 1 0
github.com/zhulik/pal/inspect/tree_json.go:40.46,42.3 1 0
github.com/zhulik/pal/inspect/tree_json.go:44.2,44.53 1 0
github.com/zhulik/pal/inspect/tree_json.go:44.53,46.3 1 0
github.com/zhulik/pal/inspect/tree_json.go:48.2,48.50 1 0
github.com/zhulik/pal/inspect/tree_json.go:48.50,50.3 1 0
github.com/zhulik/pal/inspect/tree_json.go:52.2,55.32 3 0
github.com/zhulik/pal/inspect/tree_json.go:55.32,57.3 1 0
github.com/zhulik/pal/inspect/tree_json.go:59.2,69.3 1 0
github.com/zhulik/pal/inspect/tree_json.go:72.68,77.40 3 0
github.com/zhulik/pal/inspect/tree_json.go:77.40,79.3 1 0
github.com/zhulik/pal/inspect/tree_json.go:82.2,82.39 1 0
github.com/zhulik/pal/inspect/tree_json.go:82.39,83.27 1 0
github.com/zhulik/pal/inspect/tree_json.go:83.27,88.4 1 0
github.com/zhulik/pal/inspect/tree_json.go:91.2,96.30 2 0
github.com/zhulik/pal/examples/web/server/server.go:20.48,27.83 3 0
github.com/zhulik/pal/examples/web/server/server.go:27.83,28.52 1 0
github.com/zhulik/pal/examples/web/server/server.go:28.52,31.4 2 0
github.com/zhulik/pal/examples/web/server/server.go:32.3,33.26 2 0
github.com/zhulik/pal/examples/web/server/server.go:36.2,36.12 1 0
github.com/zhulik/pal/examples/web/server/server.go:40.49,45.12 2 0
github.com/zhulik/pal/examples/web/server/server.go:45.12,48.3 2 0
github.com/zhulik/pal/examples/web/server/server.go:50.2,50.81 1 0
github.com/zhulik/pal/examples/web/server/server.go:50.81,52.3 1 0
github.com/zhulik/pal/examples/web/server/server.go:54.2,54.12 1 0
github.com/zhulik/pal/examples/web/server/services.go:8.31,13.2 1 0
github.com/zhulik/pal/examples/web/main.go:13.13,29.52 2 0
github.com/zhulik/pal/examples/web/main.go:29.52,30.13 1 0
github.com/zhulik/pal/examples/web/pinger/pinger.go:18.48,26.2 3 0
github.com/zhulik/pal/examples/web/pinger/pinger.go:29.52,34.2 3 0
github.com/zhulik/pal/examples/web/pinger/pinger.go:37.50,39.16 2 0
github.com/zhulik/pal/examples/web/pinger/pinger.go:39.16,41.3 1 0
github.com/zhulik/pal/examples/web/pinger/pinger.go:42.2,43.16 2 0
github.com/zhulik/pal/examples/web/pinger/pinger.go:43.16,45.3 1 0
github.com/zhulik/pal/examples/web/pinger/pinger.go:46.2,47.26 2 0
github.com/zhulik/pal/examples/web/pinger/services.go:9.31,14.2 1 0
github.com/zhulik/pal/examples/hooks/server/server.go:20.49,25.12 2 0
github.com/zhulik/pal/examples/hooks/server/server.go:25.12,28.3 2 0
github.com/zhulik/pal/examples/hooks/server/server.go:30.2,30.81 1 0
github.com/zhulik/pal/examples/hooks/server/server.go:30.81,32.3 1 0
github.com/zhulik/pal/examples/hooks/server/server.go:34.2,34.12 1 0
github.com/zhulik/pal/examples/hooks/server/services.go:11.31,13.91 1 0
github.com/zhulik/pal/examples/hooks/server/services.go:13.91,20.90 3 0
github.com/zhulik/pal/examples/hooks/server/services.go:20.90,21.59 1 0
github.com/zhulik/pal/examples/hooks/server/services.go:21.59,24.6 2 0
github.com/zhulik/pal/examples/hooks/server/services.go:25.5,26.28 2 0
github.com/zhulik/pal/examples/hooks/server/services.go:29.4,29.14 1 0
github.com/zhulik/pal/examples/hooks/pinger/pinger.go:17.50,19.16 2 0
github.com/zhulik/pal/examples/hooks/pinger/pinger.go:19.16,21.3 1 0
github.com/zhulik/pal/examples/hooks/pinger/pinger.go:22.2,23.16 2 0
github.com/zhulik/pal/examples/hooks/pinger/pinger.go:23.16,25.3 1 0
github.com/zhulik/pal/examples/hooks/pinger/pinger.go:26.2,27.26 2 0
github.com/zhulik/pal/examples/hooks/pinger/services.go:12.31,15.69 1 0
github.com/zhulik/pal/examples/hooks/pinger/services.go:15.69,23.5 3 0
github.com/zhulik/pal/examples/hooks/pinger/services.go:24.73,29.5 3 0
github.com/zhulik/pal/examples/hooks/main.go:13.13,29.52 2 0
github.com/zhulik/pal/examples/hooks/main.go:29.52,30.13 1 0
github.com/zhulik/pal/examples/factories/main.go:16.13,23.84 1 0
github.com/zhulik/pal/examples/factories/main.go:23.84,25.4 1 0
github.com/zhulik/pal/examples/factories/main.go:33.2,33.52 1 0
github.com/zhulik/pal/examples/factories/main.go:33.52,34.13 1 0
github.com/zhulik/pal/examples/factories/pinger.go:19.48,27.2 3 0
github.com/zhulik/pal/examples/factories/pinger.go:30.52,35.2 3 0
github.com/zhulik/pal/examples/factories/pinger.go:38.50,40.16 2 0
github.com/zhulik/pal/examples/factories/pinger.go:40.16,42.3 1 0
github.com/zhulik/pal/examples/factories/pinger.go:43.2,44.16 2 0
github.com/zhulik/pal/examples/factories/pinger.go:44.16,46.3 1 0
github.com/zhulik/pal/examples/factories/pinger.go:47.2,48.26 2 0
github.com/zhulik/pal/examples/factories/ticker.go:25.50,29.16 3 0
github.com/zhulik/pal/examples/factories/ticker.go:29.16,31.3 1 0
github.com/zhulik/pal/examples/factories/ticker.go:32.2,36.12 3 0
github.com/zhulik/pal/examples/factories/ticker.go:40.52,46.2 3 0
github.com/zhulik/pal/examples/factories/ticker.go:49.49,50.6 1 0
github.com/zhulik/pal/examples/factories/ticker.go:50.6,51.10 1 0
github.com/zhulik/pal/examples/factories/ticker.go:52.21,53.14 1 0
github.com/zhulik/pal/examples/factories/ticker.go:55.21,56.45 1 0
github.com/zhulik/pal/examples/factories/ticker.go:56.45,58.5 1 0
github.com/zhulik/pal/examples/cli/main.go:16.13,31.52 2 0
github.com/zhulik/pal/examples/cli/main.go:31.52,32.13 1 0
github.com/zhulik/pal/examples/cli/pinger.go:18.48,26.2 3 0
github.com/zhulik/pal/examples/cli/pinger.go:29.52,34.2 3 0
github.com/zhulik/pal/examples/cli/pinger.go:37.50,39.16 2 0
github.com/zhulik/pal/examples/cli/pinger.go:39.16,41.3 1 0
github.com/zhulik/pal/examples/cli/pinger.go:42.2,43.16 2 0
github.com/zhulik/pal/examples/cli/pinger.go:43.16,45.3 1 0
github.com/zhulik/pal/examples/cli/pinger.go:46.2,47.26 2 0
github.com/zhulik/pal/examples/cli/ticker.go:18.48,24.2 3 0
github.com/zhulik/pal/examples/cli/ticker.go:27.52,33.2 3 0
github.com/zhulik/pal/examples/cli/ticker.go:36.49,37.6 1 0
github.com/zhulik/pal/examples/cli/ticker.go:37.6,38.10 1 0
github.com/zhulik/pal/examples/cli/ticker.go:39.21,40.14 1 0
github.com/zhulik/pal/examples/cli/ticker.go:42.21,43.45 1 0
github.com/zhulik/pal/examples/cli/ticker.go:43.45,45.5 1 0
github.com/zhulik/pal/pkg/dag/dag.go:23.41,24.23 1 2
github.com/zhulik/pal/pkg/dag/dag.go:24.23,26.3 1 0
github.com/zhulik/pal/pkg/dag/dag.go:28.2,29.33 2 2
github.com/zhulik/pal/pkg/dag/dag.go:29.33,31.3 1 6
github.com/zhulik/pal/pkg/dag/dag.go:33.2,33.77 1 2
github.com/zhulik/pal/pkg/dag/dag.go:36.41,38.2 1 2
github.com/zhulik/pal/pkg/dag/dag.go:46.47,52.2 1 15
github.com/zhulik/pal/pkg/dag/dag.go:55.42,57.2 1 0
github.com/zhulik/pal/pkg/dag/dag.go:60.49,62.2 1 0
github.com/zhulik/pal/pkg/dag/dag.go:65.40,67.2 1 3
github.com/zhulik/pal/pkg/dag/dag.go:70.38,72.34 2 2
github.com/zhulik/pal/pkg/dag/dag.go:72.34,74.3 1 2
github.com/zhulik/pal/pkg/dag/dag.go:75.2,75.14 1 2
github.com/zhulik/pal/pkg/dag/dag.go:79.47,82.2 2 40
github.com/zhulik/pal/pkg/dag/dag.go:85.57,86.29 1 3
github.com/zhulik/pal/pkg/dag/dag.go:86.29,88.3 1 0
github.com/zhulik/pal/pkg/dag/dag.go:89.2,89.32 1 3
github.com/zhulik/pal/pkg/dag/dag.go:93.49,96.2 2 4
github.com/zhulik/pal/pkg/dag/dag.go:99.45,101.2 1 3
github.com/zhulik/pal/pkg/dag/dag.go:104.46,105.25 1 1
github.com/zhulik/pal/pkg/dag/dag.go:105.25,107.3 1 0
github.com/zhulik/pal/pkg/dag/dag.go:108.2,108.25 1 1
github.com/zhulik/pal/pkg/dag/dag.go:111.54,112.42 1 25
github.com/zhulik/pal/pkg/dag/dag.go:112.42,116.3 3 24
github.com/zhulik/pal/pkg/dag/dag.go:119.55,121.29 1 17
github.com/zhulik/pal/pkg/dag/dag.go:121.29,123.3 1 1
github.com/zhulik/pal/pkg/dag/dag.go:124.2,124.29 1 16
github.com/zhulik/pal/pkg/dag/dag.go:124.29,126.3 1 1
github.com/zhulik/pal/pkg/dag/dag.go:129.2,129.29 1 15
github.com/zhulik/pal/pkg/dag/dag.go:129.29,131.3 1 1
github.com/zhulik/pal/pkg/dag/dag.go:134.2,138.47 3 14
github.com/zhulik/pal/pkg/dag/dag.go:138.47,143.3 3 2
github.com/zhulik/pal/pkg/dag/dag.go:145.2,145.12 1 12
github.com/zhulik/pal/pkg/dag/dag.go:148.65,149.34 1 0
github.com/zhulik/pal/pkg/dag/dag.go:149.34,151.3 1 0
github.com/zhulik/pal/pkg/dag/dag.go:152.2,152.34 1 0
github.com/zhulik/pal/pkg/dag/dag.go:155.58,162.38 4 5
github.com/zhulik/pal/pkg/dag/dag.go:162.38,163.17 1 11
github.com/zhulik/pal/pkg/dag/dag.go:163.17,165.4 1 4
github.com/zhulik/pal/pkg/dag/dag.go:169.2,169.38 1 5
github.com/zhulik/pal/pkg/dag/dag.go:169.38,170.22 1 5
github.com/zhulik/pal/pkg/dag/dag.go:170.22,174.44 3 11
github.com/zhulik/pal/pkg/dag/dag.go:174.44,175.10 1 0
github.com/zhulik/pal/pkg/dag/dag.go:179.4,179.43 1 11
github.com/zhulik/pal/pkg/dag/dag.go:179.43,181.36 2 8
github.com/zhulik/pal/pkg/dag/dag.go:181.36,183.6 1 7
github.com/zhulik/pal/pkg/dag/dag.go:189.65,191.39 2 1
github.com/zhulik/pal/pkg/dag/dag.go:191.39,193.3 1 3
github.com/zhulik/pal/pkg/dag/dag.go:194.2,196.38 2 1
github.com/zhulik/pal/pkg/dag/dag.go:196.38,197.29 1 1
github.com/zhulik/pal/pkg/dag/dag.go:197.29,198.34 1 3
github.com/zhulik/pal/pkg/dag/dag.go:198.34,199.10 1 0
github.com/zhulik/pal/pkg/dag/dag.go:206.46,214.29 6 14
github.com/zhulik/pal/pkg/dag/dag.go:214.29,220.41 5 42
github.com/zhulik/pal/pkg/dag/dag.go:220.41,222.4 1 25
github.com/zhulik/pal/pkg/dag/dag.go:223.3,225.38 2 42
github.com/zhulik/pal/pkg/dag/dag.go:225.38,226.26 1 25
github.com/zhulik/pal/pkg/dag/dag.go:226.26,231.5 4 2
github.com/zhulik/pal/pkg/dag/dag.go:233.4,233.25 1 23
github.com/zhulik/pal/pkg/dag/dag.go:233.25,234.13 1 1
github.com/zhulik/pal/pkg/dag/dag.go:237.4,237.21 1 22
github.com/zhulik/pal/pkg/dag/dag.go:237.21,239.5 1 2
github.com/zhulik/pal/pkg/dag/dag.go:242.3,244.15 3 38
github.com/zhulik/pal/pkg/dag/dag.go:247.2,248.33 2 14
github.com/zhulik/pal/pkg/dag/dag.go:248.33,250.3 1 42
github.com/zhulik/pal/pkg/dag/dag.go:251.2,253.34 2 14
github.com/zhulik/pal/pkg/dag/dag.go:253.34,254.23 1 40
github.com/zhulik/pal/pkg/dag/dag.go:254.23,255.19 1 20
github.com/zhulik/pal/pkg/dag/dag.go:255.19,257.5 1 2
github.com/zhulik/pal/pkg/dag/dag.go:261.2,261.19 1 12
github.com/zhulik/pal/api.go:16.47,20.2 2 105
github.com/zhulik/pal/api.go:23.65,27.2 2 106
github.com/zhulik/pal/api.go:30.97,32.2 1 26
github.com/zhulik/pal/api.go:35.115,42.2 2 26
github.com/zhulik/pal/api.go:46.71,50.2 1 0
github.com/zhulik/pal/api.go:53.55,55.2 1 3
github.com/zhulik/pal/api.go:58.100,60.2 1 1
github.com/zhulik/pal/api.go:63.119,66.2 2 6
github.com/zhulik/pal/api.go:69.138,71.2 1 0
github.com/zhulik/pal/api.go:74.157,76.2 1 0
github.com/zhulik/pal/api.go:79.176,81.2 1 0
github.com/zhulik/pal/api.go:84.195,86.2 1 0
github.com/zhulik/pal/api.go:89.118,95.2 2 1
github.com/zhulik/pal/api.go:98.137,105.2 2 6
github.com/zhulik/pal/api.go:108.156,115.2 2 0
github.com/zhulik/pal/api.go:118.175,125.2 2 0
github.com/zhulik/pal/api.go:128.194,135.2 2 0
github.com/zhulik/pal/api.go:138.213,145.2 2 0
github.com/zhulik/pal/api.go:148.40,150.35 2 1
github.com/zhulik/pal/api.go:150.35,151.47 1 2
github.com/zhulik/pal/api.go:151.47,153.4 1 1
github.com/zhulik/pal/api.go:156.2,156.33 1 1
github.com/zhulik/pal/api.go:162.82,165.2 2 2
github.com/zhulik/pal/api.go:168.77,170.2 1 0
github.com/zhulik/pal/api.go:173.100,174.20 1 6
github.com/zhulik/pal/api.go:174.20,177.17 3 0
github.com/zhulik/pal/api.go:177.17,179.4 1 0
github.com/zhulik/pal/api.go:182.2,183.16 2 6
github.com/zhulik/pal/api.go:183.16,185.3 1 2
github.com/zhulik/pal/api.go:187.2,188.9 2 4
github.com/zhulik/pal/api.go:188.9,190.3 1 0
github.com/zhulik/pal/api.go:192.2,192.20 1 4
github.com/zhulik/pal/api.go:196.95,198.2 1 0
github.com/zhulik/pal/api.go:204.92,207.2 2 2
github.com/zhulik/pal/api.go:210.110,212.16 2 2
github.com/zhulik/pal/api.go:212.16,214.3 1 0
github.com/zhulik/pal/api.go:215.2,216.9 2 2
github.com/zhulik/pal/api.go:216.9,219.3 2 1
github.com/zhulik/pal/api.go:221.2,221.20 1 1
github.com/zhulik/pal/api.go:225.105,227.2 1 0
github.com/zhulik/pal/api.go:230.87,232.2 1 0
github.com/zhulik/pal/api.go:240.93,241.20 1 4
github.com/zhulik/pal/api.go:241.20,244.17 3 0
github.com/zhulik/pal/api.go:244.17,246.4 1 0
github.com/zhulik/pal/api.go:248.2,249.20 2 4
github.com/zhulik/pal/api.go:249.20,252.17 3 0
github.com/zhulik/pal/api.go:252.17,254.4 1 0
github.com/zhulik/pal/api.go:257.2,258.16 2 4
github.com/zhulik/pal/api.go:258.16,260.3 1 3
github.com/zhulik/pal/api.go:261.2,261.26 1 1
github.com/zhulik/pal/api.go:265.88,267.2 1 0
github.com/zhulik/pal/api.go:274.69,278.16 3 4
github.com/zhulik/pal/api.go:278.16,280.3 1 0
github.com/zhulik/pal/api.go:282.2,282.15 1 4
github.com/zhulik/pal/api.go:286.64,288.2 1 0
github.com/zhulik/pal/api.go:293.74,294.20 1 14
github.com/zhulik/pal/api.go:294.20,297.17 3 0
github.com/zhulik/pal/api.go:297.17,299.4 1 0
github.com/zhulik/pal/api.go:301.2,301.35 1 14
github.com/zhulik/pal/api.go:305.72,307.2 1 0
github.com/zhulik/pal/api.go:309.40,310.16 1 1
github.com/zhulik/pal/api.go:310.16,311.13 1 0
github.com/zhulik/pal/api.go:313.2,313.14 1 1
github.com/zhulik/pal/api.go:316.39,319.46 2 211
github.com/zhulik/pal/api.go:319.46,320.86 1 1
github.com/zhulik/pal/api.go:324.52,328.53 1 39
github.com/zhulik/pal/api.go:328.53,329.105 1 0
github.com/zhulik/pal/api.go:332.2,332.60 1 39
github.com/zhulik/pal/api.go:332.60,334.3 1 29
github.com/zhulik/pal/api.go:336.2,339.39 3 10
github.com/zhulik/pal/api.go:339.39,340.69 1 0
github.com/zhulik/pal/api.go:343.2,343.30 1 10
github.com/zhulik/pal/api.go:343.30,344.77 1 0
github.com/zhulik/pal/config.go:27.52,29.2 1 41
github.com/zhulik/pal/container.go:40.64,51.35 3 83
github.com/zhulik/pal/container.go:51.35,53.50 2 153
github.com/zhulik/pal/container.go:53.50,69.4 6 6
github.com/zhulik/pal/container.go:72.2,72.18 1 83
github.com/zhulik/pal/container.go:75.53,78.37 2 51
github.com/zhulik/pal/container.go:78.37,79.61 1 106
github.com/zhulik/pal/container.go:79.61,81.4 1 1
github.com/zhulik/pal/container.go:84.2,84.60 1 50
github.com/zhulik/pal/container.go:84.60,85.43 1 104
github.com/zhulik/pal/container.go:85.43,88.4 2 4
github.com/zhulik/pal/container.go:91.2,92.12 2 46
github.com/zhulik/pal/container.go:95.88,97.9 2 45
github.com/zhulik/pal/container.go:97.9,99.3 1 29
github.com/zhulik/pal/container.go:101.2,101.38 1 16
github.com/zhulik/pal/container.go:101.38,103.3 1 2
github.com/zhulik/pal/container.go:105.2,106.16 2 14
github.com/zhulik/pal/container.go:106.16,108.3 1 2
github.com/zhulik/pal/container.go:110.2,110.22 1 12
github.com/zhulik/pal/container.go:113.106,114.39 1 6
github.com/zhulik/pal/container.go:114.39,116.3 1 1
github.com/zhulik/pal/container.go:118.2,119.37 2 5
github.com/zhulik/pal/container.go:119.37,121.22 2 9
github.com/zhulik/pal/container.go:121.22,122.12 1 0
github.com/zhulik/pal/container.go:124.3,124.49 1 9
github.com/zhulik/pal/container.go:124.49,126.4 1 4
github.com/zhulik/pal/container.go:128.2,128.23 1 5
github.com/zhulik/pal/container.go:128.23,130.3 1 2
github.com/zhulik/pal/container.go:132.2,132.23 1 3
github.com/zhulik/pal/container.go:132.23,134.3 1 2
github.com/zhulik/pal/container.go:136.2,136.133 1 1
github.com/zhulik/pal/container.go:139.71,143.36 3 79
github.com/zhulik/pal/container.go:143.36,147.17 3 282
github.com/zhulik/pal/container.go:147.17,149.4 1 0
github.com/zhulik/pal/container.go:150.3,150.52 1 282
github.com/zhulik/pal/container.go:150.52,151.12 1 247
github.com/zhulik/pal/container.go:154.3,156.90 2 35
github.com/zhulik/pal/container.go:156.90,158.12 2 0
github.com/zhulik/pal/container.go:161.3,161.43 1 35
github.com/zhulik/pal/container.go:161.43,163.18 2 2
github.com/zhulik/pal/container.go:163.18,165.5 1 1
github.com/zhulik/pal/container.go:166.4,166.12 1 1
github.com/zhulik/pal/container.go:169.3,171.21 2 33
github.com/zhulik/pal/container.go:171.21,173.4 1 31
github.com/zhulik/pal/container.go:175.3,175.39 1 33
github.com/zhulik/pal/container.go:175.39,177.10 2 4
github.com/zhulik/pal/container.go:177.10,179.5 1 4
github.com/zhulik/pal/container.go:181.4,181.12 1 4
github.com/zhulik/pal/container.go:184.3,185.17 2 29
github.com/zhulik/pal/container.go:185.17,186.57 1 26
github.com/zhulik/pal/container.go:186.57,187.13 1 24
github.com/zhulik/pal/container.go:189.4,189.14 1 2
github.com/zhulik/pal/container.go:193.2,193.12 1 76
github.com/zhulik/pal/container.go:196.111,198.16 2 2
github.com/zhulik/pal/container.go:198.16,200.3 1 1
github.com/zhulik/pal/container.go:202.2,204.12 2 1
github.com/zhulik/pal/container.go:207.95,209.16 2 29
github.com/zhulik/pal/container.go:209.16,210.54 1 26
github.com/zhulik/pal/container.go:210.54,212.4 1 1
github.com/zhulik/pal/container.go:213.3,213.13 1 25
github.com/zhulik/pal/container.go:216.2,218.12 2 3
github.com/zhulik/pal/container.go:221.57,224.53 2 10
github.com/zhulik/pal/container.go:224.53,226.17 2 20
github.com/zhulik/pal/container.go:226.17,229.4 2 2
github.com/zhulik/pal/container.go:232.2,233.12 2 8
github.com/zhulik/pal/container.go:236.60,241.53 3 7
github.com/zhulik/pal/container.go:241.53,242.22 1 12
github.com/zhulik/pal/container.go:242.22,244.54 1 12
github.com/zhulik/pal/container.go:244.54,246.5 1 4
github.com/zhulik/pal/container.go:248.4,249.18 2 8
github.com/zhulik/pal/container.go:249.18,251.5 1 2
github.com/zhulik/pal/container.go:253.4,253.14 1 6
github.com/zhulik/pal/container.go:257.2,258.16 2 7
github.com/zhulik/pal/container.go:258.16,261.3 2 2
github.com/zhulik/pal/container.go:263.2,265.12 2 5
github.com/zhulik/pal/container.go:270.54,272.2 1 16
github.com/zhulik/pal/container.go:277.61,280.2 2 8
github.com/zhulik/pal/container.go:284.58,286.2 1 0
github.com/zhulik/pal/container.go:288.52,291.2 2 153
github.com/zhulik/pal/container.go:296.86,299.19 2 109
github.com/zhulik/pal/container.go:299.19,300.82 1 3
github.com/zhulik/pal/container.go:300.82,302.4 1 1
github.com/zhulik/pal/container.go:304.2,305.14 2 108
github.com/zhulik/pal/container.go:305.14,307.3 1 17
github.com/zhulik/pal/container.go:308.2,309.31 2 91
github.com/zhulik/pal/container.go:309.31,311.3 1 91
github.com/zhulik/pal/container.go:313.2,313.20 1 91
github.com/zhulik/pal/container.go:313.20,315.3 1 0
github.com/zhulik/pal/container.go:317.2,318.38 2 91
github.com/zhulik/pal/container.go:318.38,321.26 2 323
github.com/zhulik/pal/container.go:321.26,322.12 1 244
github.com/zhulik/pal/container.go:325.3,326.17 2 79
github.com/zhulik/pal/container.go:326.17,328.4 1 0
github.com/zhulik/pal/container.go:330.3,332.27 2 79
github.com/zhulik/pal/container.go:332.27,334.4 1 79
github.com/zhulik/pal/container.go:336.3,336.57 1 79
github.com/zhulik/pal/container.go:336.57,337.71 1 3
github.com/zhulik/pal/container.go:337.71,339.5 1 3
github.com/zhulik/pal/container.go:342.3,342.60 1 76
github.com/zhulik/pal/container.go:342.60,343.81 1 0
github.com/zhulik/pal/container.go:343.81,345.5 1 0
github.com/zhulik/pal/container.go:349.2,349.12 1 88
github.com/zhulik/pal/container.go:352.76,354.54 2 0
github.com/zhulik/pal/container.go:354.54,357.3 2 0
github.com/zhulik/pal/container.go:358.2,358.36 1 0
github.com/zhulik/pal/container.go:361.77,362.16 1 3426
github.com/zhulik/pal/container.go:362.16,364.3 1 1170
github.com/zhulik/pal/container.go:365.2,367.35 2 2256
github.com/zhulik/pal/container.go:367.35,369.3 1 132
github.com/zhulik/pal/container.go:371.2,371.33 1 2256
github.com/zhulik/pal/container.go:371.33,373.3 1 1061
github.com/zhulik/pal/container.go:375.2,375.32 1 2256
github.com/zhulik/pal/container.go:375.32,377.3 1 477
github.com/zhulik/pal/container.go:379.2,379.36 1 1779
github.com/zhulik/pal/container.go:379.36,381.60 2 5880
github.com/zhulik/pal/container.go:381.60,383.4 1 134
github.com/zhulik/pal/container.go:385.3,385.92 1 5880
github.com/zhulik/pal/container.go:385.92,387.4 1 1831
github.com/zhulik/pal/container.go:389.3,389.69 1 5880
github.com/zhulik/pal/container.go:389.69,390.37 1 957
github.com/zhulik/pal/container.go:390.37,393.5 2 1442
github.com/zhulik/pal/errors.go:51.41,53.2 1 0
github.com/zhulik/pal/healthcheck_server.go:22.52,26.2 1 0
github.com/zhulik/pal/healthcheck_server.go:28.59,36.2 2 0
github.com/zhulik/pal/healthcheck_server.go:38.75,39.32 1 0
github.com/zhulik/pal/healthcheck_server.go:39.32,42.3 2 0
github.com/zhulik/pal/healthcheck_server.go:44.2,44.26 1 0
github.com/zhulik/pal/healthcheck_server.go:44.26,47.3 2 0
github.com/zhulik/pal/healthcheck_server.go:49.2,49.55 1 0
github.com/zhulik/pal/healthcheck_server.go:49.55,52.3 2 0
github.com/zhulik/pal/healthcheck_server.go:53.2,53.30 1 0
github.com/zhulik/pal/healthcheck_server.go:56.60,57.12 1 0
github.com/zhulik/pal/healthcheck_server.go:57.12,64.3 4 0
github.com/zhulik/pal/healthcheck_server.go:66.2,68.47 2 0
github.com/zhulik/pal/healthcheck_server.go:68.47,70.3 1 0
github.com/zhulik/pal/healthcheck_server.go:72.2,72.12 1 0
github.com/zhulik/pal/pal.go:29.36,31.3 1 0
github.com/zhulik/pal/pal.go:47.39,59.2 4 69
github.com/zhulik/pal/pal.go:62.53,64.9 2 1
github.com/zhulik/pal/pal.go:64.9,66.3 1 0
github.com/zhulik/pal/pal.go:68.2,68.21 1 1
github.com/zhulik/pal/pal.go:72.48,74.2 1 0
github.com/zhulik/pal/pal.go:76.61,78.2 1 166
github.com/zhulik/pal/pal.go:81.49,84.2 2 74
github.com/zhulik/pal/pal.go:87.56,90.2 2 74
github.com/zhulik/pal/pal.go:93.53,96.2 2 74
github.com/zhulik/pal/pal.go:99.63,100.23 1 0
github.com/zhulik/pal/pal.go:100.23,102.3 1 0
github.com/zhulik/pal/pal.go:104.2,105.10 2 0
github.com/zhulik/pal/pal.go:109.60,110.26 1 0
github.com/zhulik/pal/pal.go:110.26,111.63 1 0
github.com/zhulik/pal/pal.go:114.2,121.10 2 0
github.com/zhulik/pal/pal.go:125.54,130.2 3 5
github.com/zhulik/pal/pal.go:136.47,137.48 1 45
github.com/zhulik/pal/pal.go:137.48,139.3 1 4
github.com/zhulik/pal/pal.go:141.2,143.47 2 41
github.com/zhulik/pal/pal.go:143.47,145.3 1 0
github.com/zhulik/pal/pal.go:147.2,150.50 3 41
github.com/zhulik/pal/pal.go:150.50,152.3 1 3
github.com/zhulik/pal/pal.go:154.2,156.12 2 38
github.com/zhulik/pal/pal.go:167.68,168.23 1 9
github.com/zhulik/pal/pal.go:168.23,170.3 1 5
github.com/zhulik/pal/pal.go:172.2,177.36 4 9
github.com/zhulik/pal/pal.go:177.36,179.3 1 1
github.com/zhulik/pal/pal.go:181.2,181.12 1 8
github.com/zhulik/pal/pal.go:181.12,192.3 7 8
github.com/zhulik/pal/pal.go:194.2,197.80 3 8
github.com/zhulik/pal/pal.go:197.80,199.3 1 1
github.com/zhulik/pal/pal.go:201.2,201.19 1 8
github.com/zhulik/pal/pal.go:201.19,203.3 1 1
github.com/zhulik/pal/pal.go:205.2,205.12 1 8
github.com/zhulik/pal/pal.go:205.12,209.30 2 8
github.com/zhulik/pal/pal.go:212.2,216.63 4 8
github.com/zhulik/pal/pal.go:221.48,223.2 1 13
github.com/zhulik/pal/pal.go:228.82,232.2 2 13
github.com/zhulik/pal/pal.go:237.100,241.2 2 4
github.com/zhulik/pal/pal.go:246.65,250.2 2 79
github.com/zhulik/pal/pal.go:254.38,256.2 1 0
github.com/zhulik/pal/pal.go:260.37,262.2 1 0
github.com/zhulik/pal/pal.go:265.31,267.2 1 0
github.com/zhulik/pal/runners.go:20.68,23.27 2 15
github.com/zhulik/pal/runners.go:23.27,25.3 1 2
github.com/zhulik/pal/runners.go:27.2,30.54 3 13
github.com/zhulik/pal/runners.go:30.54,31.23 1 19
github.com/zhulik/pal/runners.go:31.23,33.40 2 19
github.com/zhulik/pal/runners.go:33.40,35.5 1 3
github.com/zhulik/pal/runners.go:36.4,36.14 1 16
github.com/zhulik/pal/runners.go:40.2,40.67 1 13
github.com/zhulik/pal/runners.go:40.67,41.13 1 18
github.com/zhulik/pal/runners.go:41.13,48.4 2 18
github.com/zhulik/pal/runners.go:51.2,53.38 3 13
github.com/zhulik/pal/runners.go:53.38,55.3 1 14
github.com/zhulik/pal/runners.go:57.2,58.31 2 13
github.com/zhulik/pal/runners.go:58.31,62.3 3 5
github.com/zhulik/pal/runners.go:64.2,64.43 1 13
github.com/zhulik/pal/runners.go:64.43,66.3 1 5
github.com/zhulik/pal/runners.go:69.2,70.22 2 13
github.com/zhulik/pal/runners.go:70.22,72.3 1 5
github.com/zhulik/pal/runners.go:74.2,74.12 1 13
github.com/zhulik/pal/service_const.go:17.50,19.8 2 20
github.com/zhulik/pal/service_const.go:19.8,21.3 1 0
github.com/zhulik/pal/service_const.go:23.2,23.43 1 20
github.com/zhulik/pal/service_const.go:23.43,25.3 1 5
github.com/zhulik/pal/service_const.go:27.2,27.12 1 15
github.com/zhulik/pal/service_const.go:31.58,33.2 1 5
github.com/zhulik/pal/service_const.go:37.59,39.2 1 59
github.com/zhulik/pal/service_const.go:42.38,44.2 1 71
github.com/zhulik/pal/service_const.go:47.66,49.2 1 4
github.com/zhulik/pal/service_const.go:52.63,54.2 1 12
github.com/zhulik/pal/service_const.go:57.78,59.2 1 11
github.com/zhulik/pal/service_const.go:65.74,68.2 2 7
github.com/zhulik/pal/service_const.go:74.78,77.2 2 3
github.com/zhulik/pal/service_const.go:82.81,85.2 2 3
github.com/zhulik/pal/service_factory.go:10.43,14.2 3 30
github.com/zhulik/pal/service_factory0.go:15.86,17.16 2 0
github.com/zhulik/pal/service_factory0.go:17.16,19.3 1 0
github.com/zhulik/pal/service_factory0.go:21.2,22.16 2 0
github.com/zhulik/pal/service_factory0.go:22.16,24.3 1 0
github.com/zhulik/pal/service_factory0.go:26.2,26.22 1 0
github.com/zhulik/pal/service_factory0.go:31.47,32.46 1 0
github.com/zhulik/pal/service_factory0.go:32.46,34.17 2 0
github.com/zhulik/pal/service_factory0.go:34.17,37.4 2 0
github.com/zhulik/pal/service_factory0.go:38.3,38.27 1 0
github.com/zhulik/pal/service_factory0.go:45.51,46.37 1 0
github.com/zhulik/pal/service_factory0.go:46.37,48.3 1 0
github.com/zhulik/pal/service_factory1.go:15.53,17.2 1 7
github.com/zhulik/pal/service_factory1.go:20.93,22.9 2 5
github.com/zhulik/pal/service_factory1.go:22.9,24.3 1 1
github.com/zhulik/pal/service_factory1.go:26.2,27.16 2 4
github.com/zhulik/pal/service_factory1.go:27.16,29.3 1 0
github.com/zhulik/pal/service_factory1.go:31.2,32.16 2 4
github.com/zhulik/pal/service_factory1.go:32.16,34.3 1 0
github.com/zhulik/pal/service_factory1.go:36.2,36.22 1 4
github.com/zhulik/pal/service_factory1.go:41.51,42.53 1 6
github.com/zhulik/pal/service_factory1.go:42.53,44.17 2 1
github.com/zhulik/pal/service_factory1.go:44.17,47.4 2 0
github.com/zhulik/pal/service_factory1.go:48.3,48.27 1 1
github.com/zhulik/pal/service_factory1.go:55.55,56.44 1 6
github.com/zhulik/pal/service_factory1.go:56.44,58.3 1 1
github.com/zhulik/pal/service_factory2.go:15.57,17.2 1 0
github.com/zhulik/pal/service_factory2.go:20.97,22.9 2 0
github.com/zhulik/pal/service_factory2.go:22.9,24.3 1 0
github.com/zhulik/pal/service_factory2.go:26.2,27.9 2 0
github.com/zhulik/pal/service_factory2.go:27.9,29.3 1 0
github.com/zhulik/pal/service_factory2.go:31.2,32.16 2 0
github.com/zhulik/pal/service_factory2.go:32.16,34.3 1 0
github.com/zhulik/pal/service_factory2.go:36.2,37.16 2 0
github.com/zhulik/pal/service_factory2.go:37.16,39.3 1 0
github.com/zhulik/pal/service_factory2.go:41.2,41.22 1 0
github.com/zhulik/pal/service_factory2.go:46.55,47.60 1 0
github.com/zhulik/pal/service_factory2.go:47.60,49.17 2 0
github.com/zhulik/pal/service_factory2.go:49.17,52.4 2 0
github.com/zhulik/pal/service_factory2.go:53.3,53.27 1 0
github.com/zhulik/pal/service_factory2.go:60.59,61.51 1 0
github.com/zhulik/pal/service_factory2.go:61.51,63.3 1 0
github.com/zhulik/pal/service_factory3.go:15.61,17.2 1 0
github.com/zhulik/pal/service_factory3.go:20.101,22.9 2 0
github.com/zhulik/pal/service_factory3.go:22.9,24.3 1 0
github.com/zhulik/pal/service_factory3.go:26.2,27.9 2 0
github.com/zhulik/pal/service_factory3.go:27.9,29.3 1 0
github.com/zhulik/pal/service_factory3.go:31.2,32.9 2 0
github.com/zhulik/pal/service_factory3.go:32.9,34.3 1 0
github.com/zhulik/pal/service_factory3.go:36.2,37.16 2 0
github.com/zhulik/pal/service_factory3.go:37.16,39.3 1 0
github.com/zhulik/pal/service_factory3.go:41.2,42.16 2 0
github.com/zhulik/pal/service_factory3.go:42.16,44.3 1 0
github.com/zhulik/pal/service_factory3.go:46.2,46.22 1 0
github.com/zhulik/pal/service_factory3.go:51.59,52.67 1 0
github.com/zhulik/pal/service_factory3.go:52.67,54.17 2 0
github.com/zhulik/pal/service_factory3.go:54.17,57.4 2 0
github.com/zhulik/pal/service_factory3.go:58.3,58.27 1 0
github.com/zhulik/pal/service_factory3.go:65.63,66.58 1 0
github.com/zhulik/pal/service_factory3.go:66.58,68.3 1 0
github.com/zhulik/pal/service_factory4.go:15.65,17.2 1 0
github.com/zhulik/pal/service_factory4.go:20.105,22.9 2 0
github.com/zhulik/pal/service_factory4.go:22.9,24.3 1 0
github.com/zhulik/pal/service_factory4.go:26.2,27.9 2 0
github.com/zhulik/pal/service_factory4.go:27.9,29.3 1 0
github.com/zhulik/pal/service_factory4.go:31.2,32.9 2 0
github.com/zhulik/pal/service_factory4.go:32.9,34.3 1 0
github.com/zhulik/pal/service_factory4.go:36.2,37.9 2 0
github.com/zhulik/pal/service_factory4.go:37.9,39.3 1 0
github.com/zhulik/pal/service_factory4.go:41.2,42.16 2 0
github.com/zhulik/pal/service_factory4.go:42.16,44.3 1 0
github.com/zhulik/pal/service_factory4.go:46.2,47.16 2 0
github.com/zhulik/pal/service_factory4.go:47.16,49.3 1 0
github.com/zhulik/pal/service_factory4.go:51.2,51.22 1 0
github.com/zhulik/pal/service_factory4.go:56.63,57.74 1 0
github.com/zhulik/pal/service_factory4.go:57.74,59.17 2 0
github.com/zhulik/pal/service_factory4.go:59.17,62.4 2 0
github.com/zhulik/pal/service_factory4.go:63.3,63.27 1 0
github.com/zhulik/pal/service_factory4.go:70.67,71.65 1 0
github.com/zhulik/pal/service_factory4.go:71.65,73.3 1 0
github.com/zhulik/pal/service_factory5.go:15.69,17.2 1 0
github.com/zhulik/pal/service_factory5.go:20.109,22.9 2 0
github.com/zhulik/pal/service_factory5.go:22.9,24.3 1 0
github.com/zhulik/pal/service_factory5.go:26.2,27.9 2 0
github.com/zhulik/pal/service_factory5.go:27.9,29.3 1 0
github.com/zhulik/pal/service_factory5.go:31.2,32.9 2 0
github.com/zhulik/pal/service_factory5.go:32.9,34.3 1 0
github.com/zhulik/pal/service_factory5.go:36.2,37.9 2 0
github.com/zhulik/pal/service_factory5.go:37.9,39.3 1 0
github.com/zhulik/pal/service_factory5.go:41.2,42.9 2 0
github.com/zhulik/pal/service_factory5.go:42.9,44.3 1 0
github.com/zhulik/pal/service_factory5.go:46.2,47.16 2 0
github.com/zhulik/pal/service_factory5.go:47.16,49.3 1 0
github.com/zhulik/pal/service_factory5.go:51.2,52.16 2 0
github.com/zhulik/pal/service_factory5.go:52.16,54.3 1 0
github.com/zhulik/pal/service_factory5.go:56.2,56.22 1 0
github.com/zhulik/pal/service_factory5.go:61.67,62.81 1 0
github.com/zhulik/pal/service_factory5.go:62.81,64.17 2 0
github.com/zhulik/pal/service_factory5.go:64.17,67.4 2 0
github.com/zhulik/pal/service_factory5.go:68.3,68.27 1 0
github.com/zhulik/pal/service_factory5.go:75.71,76.72 1 0
github.com/zhulik/pal/service_factory5.go:76.72,78.3 1 0
github.com/zhulik/pal/service_fn_singleton.go:18.59,20.8 2 16
github.com/zhulik/pal/service_fn_singleton.go:20.8,22.3 1 15
github.com/zhulik/pal/service_fn_singleton.go:24.2,24.36 1 1
github.com/zhulik/pal/service_fn_singleton.go:24.36,26.3 1 0
github.com/zhulik/pal/service_fn_singleton.go:28.2,28.12 1 1
github.com/zhulik/pal/service_fn_singleton.go:32.67,34.2 1 14
github.com/zhulik/pal/service_fn_singleton.go:37.68,39.16 2 23
github.com/zhulik/pal/service_fn_singleton.go:39.16,41.3 1 0
github.com/zhulik/pal/service_fn_singleton.go:43.2,43.46 1 23
github.com/zhulik/pal/service_fn_singleton.go:43.46,44.42 1 8
github.com/zhulik/pal/service_fn_singleton.go:44.42,46.4 1 0
github.com/zhulik/pal/service_fn_singleton.go:49.2,51.12 2 23
github.com/zhulik/pal/service_fn_singleton.go:55.75,57.2 1 0
github.com/zhulik/pal/service_fn_singleton.go:60.72,62.2 1 4
github.com/zhulik/pal/service_fn_singleton.go:65.87,67.2 1 5
github.com/zhulik/pal/service_fn_singleton.go:69.96,72.2 2 0
github.com/zhulik/pal/service_fn_singleton.go:77.99,80.2 2 0
github.com/zhulik/pal/service_list.go:14.51,16.2 1 3
github.com/zhulik/pal/service_list.go:18.74,20.2 1 0
github.com/zhulik/pal/service_list.go:22.37,24.2 1 0
github.com/zhulik/pal/service_runner.go:16.48,18.2 1 0
github.com/zhulik/pal/service_runner.go:20.56,22.2 1 0
github.com/zhulik/pal/service_runner.go:24.76,26.2 1 0
github.com/zhulik/pal/service_runner.go:28.39,30.2 1 0
github.com/zhulik/pal/service_runner.go:32.24,34.19 2 0
github.com/zhulik/pal/service_runner.go:34.19,36.3 1 0
github.com/zhulik/pal/service_runner.go:38.2,38.18 1 0
github.com/zhulik/pal/service_typed.go:12.55,14.2 1 134
github.com/zhulik/pal/service_typed.go:17.56,19.2 1 0
github.com/zhulik/pal/service_typed.go:22.57,24.2 1 6
github.com/zhulik/pal/service_typed.go:27.64,29.2 1 0
github.com/zhulik/pal/service_typed.go:32.61,34.2 1 0
github.com/zhulik/pal/service_typed.go:36.50,38.2 1 0
github.com/zhulik/pal/service_typed.go:41.38,44.2 2 0
github.com/zhulik/pal/service_typed.go:47.41,49.2 1 355
github.com/zhulik/pal/service_typed.go:51.43,53.2 1 9
github.com/zhulik/pal/services.go:8.79,11.9 3 19
github.com/zhulik/pal/services.go:11.9,13.3 1 0
github.com/zhulik/pal/services.go:15.2,15.30 1 19
github.com/zhulik/pal/services.go:15.30,18.17 3 19
github.com/zhulik/pal/services.go:18.17,21.4 2 8
github.com/zhulik/pal/services.go:23.3,24.13 2 11
github.com/zhulik/pal/services.go:27.2,27.16 1 19
github.com/zhulik/pal/services.go:27.16,28.44 1 8
github.com/zhulik/pal/services.go:28.44,30.4 1 0
github.com/zhulik/pal/services.go:33.2,33.12 1 19
github.com/zhulik/pal/services.go:36.115,38.17 2 4
github.com/zhulik/pal/services.go:38.17,41.17 3 3
github.com/zhulik/pal/services.go:41.17,43.4 1 1
github.com/zhulik/pal/services.go:44.3,44.13 1 3
github.com/zhulik/pal/services.go:47.2,48.9 2 1
github.com/zhulik/pal/services.go:48.9,50.3 1 0
github.com/zhulik/pal/services.go:52.2,53.16 2 1
github.com/zhulik/pal/services.go:53.16,56.3 2 0
github.com/zhulik/pal/services.go:58.2,58.12 1 1
github.com/zhulik/pal/services.go:61.112,63.17 2 16
github.com/zhulik/pal/services.go:63.17,66.17 3 3
github.com/zhulik/pal/services.go:66.17,68.4 1 1
github.com/zhulik/pal/services.go:69.3,69.13 1 3
github.com/zhulik/pal/services.go:72.2,73.9 2 13
github.com/zhulik/pal/services.go:73.9,75.3 1 10
github.com/zhulik/pal/services.go:77.2,78.16 2 3
github.com/zhulik/pal/services.go:78.16,81.3 2 0
github.com/zhulik/pal/services.go:83.2,83.12 1 3
github.com/zhulik/pal/services.go:86.108,90.16 3 63
github.com/zhulik/pal/services.go:90.16,92.3 1 0
github.com/zhulik/pal/services.go:94.2,94.17 1 63
github.com/zhulik/pal/services.go:94.17,97.17 3 6
github.com/zhulik/pal/services.go:97.17,99.4 1 3
github.com/zhulik/pal/services.go:100.3,100.13 1 6
github.com/zhulik/pal/services.go:103.2,103.73 1 57
github.com/zhulik/pal/services.go:103.73,105.42 2 9
github.com/zhulik/pal/services.go:105.42,108.4 2 0
github.com/zhulik/pal/services.go:110.2,110.12 1 57
github.com/zhulik/pal/services.go:113.58,118.36 4 83
github.com/zhulik/pal/services.go:118.36,119.28 1 239
github.com/zhulik/pal/services.go:119.28,120.31 1 156
github.com/zhulik/pal/services.go:120.31,123.41 2 156
github.com/zhulik/pal/services.go:123.41,125.6 1 153
github.com/zhulik/pal/services.go:127.5,127.32 1 156
github.com/zhulik/pal/services.go:132.2,133.15 2 83
github.com/zhulik/pal/services.go:136.69,140.35 3 15
github.com/zhulik/pal/services.go:140.35,144.20 2 36
github.com/zhulik/pal/services.go:144.20,145.12 1 16
github.com/zhulik/pal/services.go:148.3,148.18 1 20
github.com/zhulik/pal/services.go:148.18,150.4 1 14
github.com/zhulik/pal/services.go:150.9,152.4 1 6
github.com/zhulik/pal/services.go:155.2,155.38 1 15
github.com/zhulik/pal/tags.go:22.52,25.16 3 376
github.com/zhulik/pal/tags.go:25.16,27.3 1 357
github.com/zhulik/pal/tags.go:29.2,29.47 1 19
github.com/zhulik/pal/tags.go:29.47,33.35 3 28
github.com/zhulik/pal/tags.go:33.35,35.4 1 3
github.com/zhulik/pal/tags.go:36.3,36.21 1 25
github.com/zhulik/pal/tags.go:37.10,38.22 1 12
github.com/zhulik/pal/tags.go:38.22,40.5 1 1
github.com/zhulik/pal/tags.go:41.4,41.35 1 11
github.com/zhulik/pal/tags.go:42.10,43.29 1 11
github.com/zhulik/pal/tags.go:44.11,45.73 1 2
github.com/zhulik/pal/tags.go:48.2,48.20 1 13
github.com/zhulik/pal/utils.go:10.23,13.2 2 5
github.com/zhulik/pal/utils.go:15.26,18.2 2 108
github.com/zhulik/pal/utils.go:20.43,21.28 1 19
github.com/zhulik/pal/utils.go:21.28,22.16 1 19
github.com/zhulik/pal/utils.go:22.16,23.32 1 19
github.com/zhulik/pal/utils.go:23.32,24.26 1 0
github.com/zhulik/pal/utils.go:25.16,26.13 1 0
github.com/zhulik/pal/utils.go:27.13,28.31 1 0
github.com/zhulik/pal/utils.go:31.5,34.6 1 0
github.com/zhulik/pal/utils.go:37.3,38.9 2 19
github.com/zhulik/pal/utils.go:42.38,52.6 6 0
github.com/zhulik/pal/utils.go:52.6,56.12 3 0
github.com/zhulik/pal/utils.go:56.12,57.9 1 0
github.com/zhulik/pal/utils.go:61.2,61.28 1 0
